Diagnose log at 2025-11-14T13:24:04Z

AppPath: C:\Program Files\Git\mingw64\bin\git-credential-manager.exe
InstallDir: C:\Program Files\Git\mingw64\bin\
Version: 2.6.1+786ab03440ddc82e807a97c0e540f5247e44cec6

------------
Diagnostic: Environment
Skipped: False
Success: True
Exception: None
Log:
OSType: Windows
OSVersion: 10.0 (build 22631)
Reading environment variables... OK
 Variables:
HOMEPATH=\Users\USER
DriverData=C:\Windows\System32\Drivers\DriverData
COMPUTERNAME=DESKTOP-M2REKHT
MSYSTEM=MINGW64
CommonProgramFiles(x86)=C:\Program Files (x86)\Common Files
OneDrive=C:\Users\USER\OneDrive
ChocolateyLastPathUpdate=134031920874781472
ProgramFiles(x86)=C:\Program Files (x86)
CONFIG_SITE=C:/Program Files/Git/etc/config.site
LC_CTYPE=es_ES.UTF-8
USERDOMAIN=DESKTOP-M2REKHT
PATHEXT=.COM;.EXE;.BAT;.CMD;.VBS;.VBE;.JS;.JSE;.WSF;.WSH;.MSC
ORIGINAL_TEMP=C:/Users/USER/AppData/Local/Temp
USERNAME=USER
MINGW_PREFIX=C:/Program Files/Git/mingw64
GIT_EXEC_PATH=C:/Program Files/Git/mingw64/libexec/git-core
ACLOCAL_PATH=C:\Program Files\Git\mingw64\share\aclocal;C:\Program Files\Git\usr\share\aclocal
TEMP=C:\Users\USER\AppData\Local\Temp
LOCALAPPDATA=C:\Users\USER\AppData\Local
MANPATH=C:\Program Files\Git\mingw64\local\man;C:\Program Files\Git\mingw64\share\man;C:\Program Files\Git\usr\local\man;C:\Program Files\Git\usr\share\man;C:\Program Files\Git\usr\man;C:\Program Files\Git\share\man
TERM=xterm
PROCESSOR_IDENTIFIER=Intel64 Family 6 Model 186 Stepping 3, GenuineIntel
MSYSTEM_CARCH=x86_64
PROGRAMFILES=C:\Program Files (x86)
WSLENV=HOSTTERM::HOSTLANG
ProgramData=C:\ProgramData
TERM_PROGRAM_VERSION=3.7.9
ORIGINAL_TMP=C:/Users/USER/AppData/Local/Temp
PROCESSOR_REVISION=ba03
SYSTEMROOT=C:\Windows
TERM_PROGRAM=mintty
PROCESSOR_LEVEL=6
NUMBER_OF_PROCESSORS=12
SSH_ASKPASS=C:/Program Files/Git/mingw64/bin/git-askpass.exe
SHLVL=1
SYSTEMDRIVE=C:
PSModulePath=C:\Program Files\WindowsPowerShell\Modules;C:\Windows\system32\WindowsPowerShell\v1.0\Modules
PUBLIC=C:\Users\Public
FPS_BROWSER_USER_PROFILE_STRING=Default
PKG_CONFIG_PATH=C:\Program Files\Git\mingw64\lib\pkgconfig;C:\Program Files\Git\mingw64\share\pkgconfig
EFC_11080=1
MSYSTEM_CHOST=x86_64-w64-mingw32
WINDIR=C:\Windows
PLINK_PROTOCOL=ssh
INFOPATH=C:\Program Files\Git\mingw64\local\info;C:\Program Files\Git\mingw64\share\info;C:\Program Files\Git\usr\local\info;C:\Program Files\Git\usr\share\info;C:\Program Files\Git\usr\info;C:\Program Files\Git\share\info
ProgramW6432=C:\Program Files
PATH=C:/Program Files/Git/mingw64/libexec/git-core;C:\Users\USER\bin;C:\Program Files\Git\mingw64\bin;C:\Program Files\Git\usr\local\bin;C:\Program Files\Git\usr\bin;C:\Program Files\Git\usr\bin;C:\Program Files\Git\mingw64\bin;C:\Program Files\Git\usr\bin;C:\Users\USER\bin;C:\Program Files (x86)\Common Files\Oracle\Java\java8path;C:\Program Files (x86)\Common Files\Oracle\Java\javapath;C:\Program Files\Eclipse Adoptium\jdk-21.0.7.6-hotspot\bin;C:\Windows\system32;C:\Windows;C:\Windows\System32\Wbem;C:\Windows\System32\WindowsPowerShell\v1.0;C:\Windows\System32\OpenSSH;C:\Program Files (x86)\pgmodeler;C:\Program Files\nodejs;C:\ProgramData\chocolatey\bin;C:\dev\flutter\bin;C:\Program Files\Git\cmd;C:\SRC\flutter\bin;C:\Program Files\Docker\Docker\resources\bin;C:\Users\USER\AppData\Local\Pub\Cache\bin;C:\Users\USER\AppData\Local\Microsoft\WindowsApps;C:\Users\USER\AppData\Local\Programs\Microsoft VS Code\bin;C:\Users\USER\AppData\Roaming\npm;C:\dev\flutter\bin;C:\SRC\flutter\bin;C:\Users\USER\AppData\Local\Pub\Cache\bin;C:\Program Files\Git\usr\bin\vendor_perl;C:\Program Files\Git\usr\bin\core_perl
ChocolateyInstall=C:\ProgramData\chocolatey
GIT_TRACE2_PARENT_SID=6303a586-c033-4e0b-9f95-a54ba1a14fd3
FPS_BROWSER_APP_PROFILE_STRING=Internet Explorer
HOSTLANG=es_ES.UTF-8
PKG_CONFIG_SYSTEM_LIBRARY_PATH=C:/Program Files/Git/mingw64/lib
TMPDIR=C:\Users\USER\AppData\Local\Temp
TMP=C:\Users\USER\AppData\Local\Temp
__COMPAT_LAYER=DetectorsAppHealth
SHELL=C:\Program Files\Git\usr\bin\bash.exe
HOME=C:\Users\USER
COMSPEC=C:\Windows\system32\cmd.exe
ZES_ENABLE_SYSMAN=1
HOSTTERM=xterm
USERPROFILE=C:\Users\USER
DISPLAY=needs-to-be-defined
COMMONPROGRAMFILES=C:\Program Files (x86)\Common Files
USERDOMAIN_ROAMINGPROFILE=DESKTOP-M2REKHT
APPDATA=C:\Users\USER\AppData\Roaming
HOMEDRIVE=C:
MSYSTEM_PREFIX=C:/Program Files/Git/mingw64
LOGONSERVER=\\DESKTOP-M2REKHT
MINGW_PACKAGE_PREFIX=mingw-w64-x86_64
CommonProgramW6432=C:\Program Files\Common Files
SESSIONNAME=Console
PWD=C:/Users/USER/Documents/4A Domènica Espinosa/front_angular_nest
EXEPATH=C:\Program Files\Git
HOSTNAME=DESKTOP-M2REKHT
PROCESSOR_ARCHITEW6432=AMD64
ORIGINAL_PATH=C:\Program Files\Git\mingw64\bin;C:\Program Files\Git\usr\bin;C:\Users\USER\bin;C:\Program Files (x86)\Common Files\Oracle\Java\java8path;C:\Program Files (x86)\Common Files\Oracle\Java\javapath;C:\Program Files\Eclipse Adoptium\jdk-21.0.7.6-hotspot\bin;C:\Windows\system32;C:\Windows;C:\Windows\System32\Wbem;C:\Windows\System32\WindowsPowerShell\v1.0;C:\Windows\System32\OpenSSH;C:\Program Files (x86)\pgmodeler;C:\Program Files\nodejs;C:\ProgramData\chocolatey\bin;C:\dev\flutter\bin;C:\Program Files\Git\cmd;C:\SRC\flutter\bin;C:\Program Files\Docker\Docker\resources\bin;C:\Users\USER\AppData\Local\Pub\Cache\bin;C:\Users\USER\AppData\Local\Microsoft\WindowsApps;C:\Users\USER\AppData\Local\Programs\Microsoft VS Code\bin;C:\Users\USER\AppData\Roaming\npm;C:\dev\flutter\bin;C:\SRC\flutter\bin;C:\Users\USER\AppData\Local\Pub\Cache\bin
PROCESSOR_ARCHITECTURE=x86
PS1=\[\033]0;$TITLEPREFIX:$PWD\007\]\n\[\033[32m\]\u@\h \[\033[35m\]$MSYSTEM \[\033[33m\]\w\[\033[36m\]`__git_ps1`\[\033[0m\]\n$ 
OS=Windows_NT
MINGW_CHOST=x86_64-w64-mingw32
PKG_CONFIG_SYSTEM_INCLUDE_PATH=C:/Program Files/Git/mingw64/include
_=C:/Program Files/Git/mingw64/bin/git
ALLUSERSPROFILE=C:\ProgramData


------------
Diagnostic: File system
Skipped: False
Success: True
Exception: None
Log:
Temporary directory is 'C:\Users\USER\AppData\Local\Temp\'...
Checking basic file I/O...
Writing to temporary file 'C:\Users\USER\AppData\Local\Temp\b2ca4f57840d18c99056c40c'... OK
Reading from temporary file 'C:\Users\USER\AppData\Local\Temp\b2ca4f57840d18c99056c40c'... OK
Deleting temporary file 'C:\Users\USER\AppData\Local\Temp\b2ca4f57840d18c99056c40c'... OK
Testing IFileSystem instance...
UserHomePath: C:\Users\USER
UserDataDirectoryPath: C:\Users\USER\.gcm
GetCurrentDirectory(): C:\Users\USER\Documents\4A Domènica Espinosa\front_angular_nest

------------
Diagnostic: Networking
Skipped: False
Success: True
Exception: None
Log:
Checking networking and HTTP stack...
Creating HTTP client... OK
IsNetworkAvailable: True
Sending HEAD request to http://example.com...Sending HEAD request to https://example.com... OK
 OK
Acquiring free TCP port... OK
Testing local HTTP loopback connections...
Creating new HTTP listener for http://localhost:56539/... OK
Waiting for loopback connection... OK
Writing response... OK
Waiting for response data... OK
Loopback connection data OK

------------
Diagnostic: Git
Skipped: False
Success: True
Exception: None
Log:
Getting Git version... OK
Git version is '2.51.0.windows.1'
Locating current repository...Git repository at 'C:/Users/USER/Documents/4A Domènica Espinosa/front_angular_nest/.git'
 OK
Listing all Git configuration... OK
Git configuration:
file:C:/Program Files/Git/etc/gitconfig	diff.astextplain.textconv=astextplain
file:C:/Program Files/Git/etc/gitconfig	filter.lfs.clean=git-lfs clean -- %f
file:C:/Program Files/Git/etc/gitconfig	filter.lfs.smudge=git-lfs smudge -- %f
file:C:/Program Files/Git/etc/gitconfig	filter.lfs.process=git-lfs filter-process
file:C:/Program Files/Git/etc/gitconfig	filter.lfs.required=true
file:C:/Program Files/Git/etc/gitconfig	http.sslbackend=schannel
file:C:/Program Files/Git/etc/gitconfig	core.autocrlf=true
file:C:/Program Files/Git/etc/gitconfig	core.fscache=true
file:C:/Program Files/Git/etc/gitconfig	core.symlinks=false
file:C:/Program Files/Git/etc/gitconfig	pull.rebase=false
file:C:/Program Files/Git/etc/gitconfig	credential.helper=manager
file:C:/Program Files/Git/etc/gitconfig	credential.https://dev.azure.com.usehttppath=true
file:C:/Program Files/Git/etc/gitconfig	init.defaultbranch=master
file:C:/Users/USER/.gitconfig	user.name=Domenica
file:C:/Users/USER/.gitconfig	user.email=ddi.espinosa@yavirac.edu.ec
file:.git/config	core.repositoryformatversion=0
file:.git/config	core.filemode=false
file:.git/config	core.bare=false
file:.git/config	core.logallrefupdates=true
file:.git/config	core.symlinks=false
file:.git/config	core.ignorecase=true
file:.git/config	remote.origin.url=https://github.com/Jeon-Dom/front_angular_nest_DE.git
file:.git/config	remote.origin.fetch=+refs/heads/*:refs/remotes/origin/*


------------
Diagnostic: Credential storage
Skipped: False
Success: True
Exception: None
Log:
ICredentialStore instance is of type: CredentialStore
Writing test credential... OK
Reading test credential... OK
Deleting test credential... OK

------------
Diagnostic: Microsoft authentication (AAD/MSA)
Skipped: False
Success: True
Exception: None
Log:
Broker is not enabled.
Flow type is: Auto
Gathering MSAL token cache data... OK
CacheDirectory: C:\Users\USER\AppData\Local\.IdentityService
CacheFileName: msal.cache
CacheFilePath: C:\Users\USER\AppData\Local\.IdentityService\msal.cache
Creating cache helper... OK
Verifying MSAL token cache persistence... OK

------------
Diagnostic: GitHub API
Skipped: False
Success: True
Exception: None
Log:
Using 'https://github.com/' as API target.
Querying '/meta' endpoint... OK

